2024-01-08 14:39:06.263 [info] Extension host with pid 3768 started
2024-01-08 14:39:06.263 [info] Skipping acquiring lock for /home/z/.config/Code/User/workspaceStorage/8a63edb2f69d8bdc33ba920a974b6db1.
2024-01-08 14:39:06.407 [info] ExtensionService#_doActivateExtension vscode.emmet, startup: false, activationEvent: 'onLanguage'
2024-01-08 14:39:06.739 [info] ExtensionService#_doActivateExtension vscode.html-language-features, startup: false, activationEvent: 'onLanguage:html'
2024-01-08 14:39:07.167 [info] ExtensionService#_doActivateExtension ms-vscode.live-server, startup: false, activationEvent: 'onWebviewPanel:browserPreview'
2024-01-08 14:39:10.396 [info] ExtensionService#_doActivateExtension vscode.git-base, startup: true, activationEvent: '*', root cause: vscode.git
2024-01-08 14:39:11.028 [info] ExtensionService#_doActivateExtension vscode.git, startup: true, activationEvent: '*'
2024-01-08 14:39:11.581 [info] ExtensionService#_doActivateExtension vscode.github, startup: true, activationEvent: '*'
2024-01-08 14:39:13.072 [info] Eager extensions activated
2024-01-08 14:39:13.121 [info] ExtensionService#_doActivateExtension vscode.debug-auto-launch, startup: false, activationEvent: 'onStartupFinished'
2024-01-08 14:39:13.227 [info] ExtensionService#_doActivateExtension vscode.merge-conflict, startup: false, activationEvent: 'onStartupFinished'
2024-01-08 14:39:13.351 [info] ExtensionService#_doActivateExtension esbenp.prettier-vscode, startup: false, activationEvent: 'onStartupFinished'
2024-01-08 15:30:15.431 [info] ExtensionService#_doActivateExtension vscode.media-preview, startup: false, activationEvent: 'onCustomEditor:imagePreview.previewEditor'
2024-01-08 16:07:22.843 [info] Extension host terminating: renderer closed the MessagePort
2024-01-08 16:07:27.550 [error] Canceled: Canceled
	at new g (/snap/code/148/usr/share/code/resources/app/out/vs/workbench/api/node/extensionHostProcess.js:141:110274)
	at l.U (/snap/code/148/usr/share/code/resources/app/out/vs/workbench/api/node/extensionHostProcess.js:150:10866)
	at P.<computed>.j.charCodeAt.P.<computed> (/snap/code/148/usr/share/code/resources/app/out/vs/workbench/api/node/extensionHostProcess.js:150:8317)
	at d.g (/snap/code/148/usr/share/code/resources/app/out/vs/workbench/api/node/extensionHostProcess.js:141:139555)
	at d.executeCommand (/snap/code/148/usr/share/code/resources/app/out/vs/workbench/api/node/extensionHostProcess.js:141:138993)
	at p.registerCommand.description (/snap/code/148/usr/share/code/resources/app/out/vs/workbench/api/node/extensionHostProcess.js:141:138317)
	at d.h (/snap/code/148/usr/share/code/resources/app/out/vs/workbench/api/node/extensionHostProcess.js:141:140094)
	at d.g (/snap/code/148/usr/share/code/resources/app/out/vs/workbench/api/node/extensionHostProcess.js:141:139086)
	at d.executeCommand (/snap/code/148/usr/share/code/resources/app/out/vs/workbench/api/node/extensionHostProcess.js:141:138993)
	at Object.executeCommand (/snap/code/148/usr/share/code/resources/app/out/vs/workbench/api/node/extensionHostProcess.js:158:21333)
	at f.value (/home/z/.vscode/extensions/ms-vscode.live-server-0.4.13/out/extension.js:1:76882)
	at n.y (/snap/code/148/usr/share/code/resources/app/out/vs/workbench/api/node/extensionHostProcess.js:80:1902)
	at n.fire (/snap/code/148/usr/share/code/resources/app/out/vs/workbench/api/node/extensionHostProcess.js:80:2119)
	at f.closeServer (/home/z/.vscode/extensions/ms-vscode.live-server-0.4.13/out/extension.js:1:86770)
	at f.dispose (/home/z/.vscode/extensions/ms-vscode.live-server-0.4.13/out/extension.js:1:89060)
	at /home/z/.vscode/extensions/ms-vscode.live-server-0.4.13/out/extension.js:1:71779
	at Map.forEach (<anonymous>)
	at b.closeAllServers (/home/z/.vscode/extensions/ms-vscode.live-server-0.4.13/out/extension.js:1:71764)
	at b.dispose (/home/z/.vscode/extensions/ms-vscode.live-server-0.4.13/out/extension.js:1:71807)
	at t.deactivate (/home/z/.vscode/extensions/ms-vscode.live-server-0.4.13/out/extension.js:1:64779)
	at f.cb (/snap/code/148/usr/share/code/resources/app/out/vs/workbench/api/node/extensionHostProcess.js:154:9678)
	at /snap/code/148/usr/share/code/resources/app/out/vs/workbench/api/node/extensionHostProcess.js:154:7808
	at Array.map (<anonymous>)
	at f.Y (/snap/code/148/usr/share/code/resources/app/out/vs/workbench/api/node/extensionHostProcess.js:154:7795)
	at f.terminate (/snap/code/148/usr/share/code/resources/app/out/vs/workbench/api/node/extensionHostProcess.js:154:8068)
	at s.terminate (/snap/code/148/usr/share/code/resources/app/out/vs/workbench/api/node/extensionHostProcess.js:158:1513)
	at a (/snap/code/148/usr/share/code/resources/app/out/vs/workbench/api/node/extensionHostProcess.js:171:9802)
	at MessagePortMain.<anonymous> (/snap/code/148/usr/share/code/resources/app/out/vs/workbench/api/node/extensionHostProcess.js:171:6227)
	at MessagePortMain.emit (node:events:513:28)
	at MessagePortMain._internalPort.emit (node:electron/js2c/utility_init:2:367) setContext undefined
2024-01-08 16:07:29.561 [error] Error: Stopping the server timed out
	at /snap/code/148/usr/share/code/resources/app/extensions/html-language-features/client/dist/node/htmlClientMain.js:1:273001
	at async Object.dispose (/snap/code/148/usr/share/code/resources/app/extensions/html-language-features/client/dist/node/htmlClientMain.js:1:501464)
	at async Object.dispose (/snap/code/148/usr/share/code/resources/app/extensions/html-language-features/client/dist/node/htmlClientMain.js:1:503102)
	at async e.deactivate (/snap/code/148/usr/share/code/resources/app/extensions/html-language-features/client/dist/node/htmlClientMain.js:1:543715)
	at async Promise.all (index 5)
	at async f.Y (/snap/code/148/usr/share/code/resources/app/out/vs/workbench/api/node/extensionHostProcess.js:154:7823)
2024-01-08 16:07:29.561 [info] Extension host with pid 3768 exiting with code 0
