2024-01-05 16:02:51.544 [info] Added views:workbench.panel.markers.view in workbench.panel.markers
2024-01-05 16:02:51.544 [info] Added views:workbench.panel.output in workbench.panel.output
2024-01-05 16:02:51.544 [info] Added views:terminal in terminal
2024-01-05 16:02:51.544 [info] Added views:outline in workbench.view.explorer
2024-01-05 16:02:51.544 [info] Added views:workbench.scm in workbench.view.scm
2024-01-05 16:02:51.544 [info] Added views:workbench.view.search in workbench.view.search
2024-01-05 16:02:51.544 [info] Added views:timeline in workbench.view.explorer
2024-01-05 16:02:51.544 [info] Added views:workbench.explorer.fileView in workbench.view.explorer
2024-01-05 16:02:52.549 [info] Added views:workbench.debug.welcome in workbench.view.debug
2024-01-05 16:02:53.639 [info] Added views:iridium.npm in workbench.view.extension.iridium
2024-01-05 16:02:53.698 [info] Added views:~remote.forwardedPorts in ~remote.forwardedPortsContainer
2024-01-05 16:02:55.861 [info] Added views:workbench.panel.repl.view in workbench.panel.repl
2024-01-05 16:03:21.265 [info] Added views:workbench.panel.markers.view in workbench.panel.markers
2024-01-05 16:03:21.265 [info] Added views:workbench.panel.output in workbench.panel.output
2024-01-05 16:03:21.265 [info] Added views:terminal in terminal
2024-01-05 16:03:21.266 [info] Added views:outline in workbench.view.explorer
2024-01-05 16:03:21.266 [info] Added views:workbench.scm in workbench.view.scm
2024-01-05 16:03:21.266 [info] Added views:workbench.view.search in workbench.view.search
2024-01-05 16:03:21.266 [info] Added views:timeline in workbench.view.explorer
2024-01-05 16:03:21.266 [info] Added views:workbench.explorer.fileView in workbench.view.explorer
2024-01-05 16:03:21.953 [info] Added views:iridium.npm in workbench.view.extension.iridium
2024-01-05 16:03:22.155 [info] Added views:workbench.debug.welcome in workbench.view.debug
2024-01-05 16:03:22.512 [info] Added views:workbench.panel.repl.view in workbench.panel.repl
2024-01-05 16:03:27.009 [info] Added views:~remote.forwardedPorts in ~remote.forwardedPortsContainer
