2024-01-15 12:52:26,053 DEBUG    root            Loaded Command Group: ['gcloud', 'init']
2024-01-15 12:52:26,056 DEBUG    root            Running [gcloud.init] with arguments: []
2024-01-15 12:52:26,056 INFO     ___FILE_ONLY___ Welcome! This command will take you through the configuration of gcloud.


2024-01-15 12:52:26,058 INFO     ___FILE_ONLY___ Your current configuration has been set to: [default]


2024-01-15 12:52:26,058 INFO     ___FILE_ONLY___ You can skip diagnostics next time by using the following flag:

2024-01-15 12:52:26,059 INFO     ___FILE_ONLY___   gcloud init --skip-diagnostics


2024-01-15 12:52:26,059 INFO     ___FILE_ONLY___ Network diagnostic detects and fixes local network connection issues.

2024-01-15 12:52:26,060 INFO     ___FILE_ONLY___ Checking network connection...
2024-01-15 12:52:27,730 DEBUG    urllib3.connectionpool Starting new HTTPS connection (1): accounts.google.com:443
2024-01-15 12:52:27,910 DEBUG    urllib3.connectionpool https://accounts.google.com:443 "GET / HTTP/1.1" 302 338
2024-01-15 12:52:28,003 DEBUG    urllib3.connectionpool https://accounts.google.com:443 "GET /ServiceLogin?passive=1209600&continue=https%3A%2F%2Faccounts.google.com%2F&followup=https%3A%2F%2Faccounts.google.com%2F HTTP/1.1" 302 0
2024-01-15 12:52:28,065 DEBUG    urllib3.connectionpool https://accounts.google.com:443 "GET /InteractiveLogin?continue=https://accounts.google.com/&followup=https://accounts.google.com/&passive=1209600&ifkv=ASKXGp2kXcB8joC1gtbc4mIJOjH8ezosk3jzjVzb7uGJX3pubRdsc8Wo7logb9gtxR1otkFGkSnD HTTP/1.1" 302 524
2024-01-15 12:52:28,222 DEBUG    urllib3.connectionpool https://accounts.google.com:443 "GET /v3/signin/identifier?continue=https%3A%2F%2Faccounts.google.com%2F&followup=https%3A%2F%2Faccounts.google.com%2F&ifkv=ASKXGp2FKm2iOxqTPPprxKZBKlZoZE-ni8Uvbk-xBb2rY1iOj70u8M39Caxmv9lC6dGDl0rkF2oK&passive=1209600&flowName=WebLiteSignIn&flowEntry=ServiceLogin&dsh=S453287546%3A1705341146204932 HTTP/1.1" 200 None
2024-01-15 12:52:28,279 DEBUG    urllib3.connectionpool Starting new HTTPS connection (1): cloudresourcemanager.googleapis.com:443
2024-01-15 12:52:28,424 DEBUG    urllib3.connectionpool https://cloudresourcemanager.googleapis.com:443 "GET /v1beta1/projects HTTP/1.1" 401 None
2024-01-15 12:52:28,429 DEBUG    urllib3.connectionpool Starting new HTTPS connection (1): www.googleapis.com:443
2024-01-15 12:52:28,576 DEBUG    urllib3.connectionpool https://www.googleapis.com:443 "GET /auth/cloud-platform HTTP/1.1" 200 14
2024-01-15 12:52:28,581 DEBUG    urllib3.connectionpool Starting new HTTPS connection (1): dl.google.com:443
2024-01-15 12:52:28,729 DEBUG    urllib3.connectionpool https://dl.google.com:443 "GET /dl/cloudsdk/channels/rapid/components-2.json HTTP/1.1" 200 214448
2024-01-15 12:52:28,863 INFO     ___FILE_ONLY___ Reachability Check passed.

2024-01-15 12:52:28,864 INFO     ___FILE_ONLY___ Network diagnostic passed (1/1 checks passed).


2024-01-15 12:52:32,531 DEBUG    root            Loaded Command Group: ['gcloud', 'auth']
2024-01-15 12:52:32,544 DEBUG    root            Loaded Command Group: ['gcloud', 'auth', 'login']
2024-01-15 12:52:32,548 INFO     root            Executing: [gcloud auth login --force --brief]
2024-01-15 12:52:32,550 DEBUG    root            Running [gcloud.auth.login] with arguments: [--brief: "True", --force: "True"]
2024-01-15 12:52:32,620 DEBUG    requests_oauthlib.oauth2_session Generated new state Amg6jIQhIGfMbURpdtgzfAHy2FAZ3A.
2024-01-15 12:52:32,836 INFO     ___FILE_ONLY___ Your browser has been opened to visit:

    https://accounts.google.com/o/oauth2/auth?response_type=code&client_id=32555940559.apps.googleusercontent.com&redirect_uri=http%3A%2F%2Flocalhost%3A8085%2F&scope=openid+https%3A%2F%2Fwww.googleapis.com%2Fauth%2Fuserinfo.email+https%3A%2F%2Fwww.googleapis.com%2Fauth%2Fcloud-platform+https%3A%2F%2Fwww.googleapis.com%2Fauth%2Fappengine.admin+https%3A%2F%2Fwww.googleapis.com%2Fauth%2Fsqlservice.login+https%3A%2F%2Fwww.googleapis.com%2Fauth%2Fcompute+https%3A%2F%2Fwww.googleapis.com%2Fauth%2Faccounts.reauth&state=Amg6jIQhIGfMbURpdtgzfAHy2FAZ3A&access_type=offline&code_challenge=7Rw14iDKooCnahUXU2Qcbi_VrDNEJZyzSOfuTn5oscY&code_challenge_method=S256


2024-01-15 12:52:42,586 INFO     google_auth_oauthlib.flow "GET /?state=Amg6jIQhIGfMbURpdtgzfAHy2FAZ3A&code=4/0AfJohXn86kKwLrqU3u5rZtRomQH00JjQJYmhuM12nF4gjfXkUqCtzCWHOv-z04-lvgeZtQ&scope=email%20openid%20https://www.googleapis.com/auth/userinfo.email%20https://www.googleapis.com/auth/cloud-platform%20https://www.googleapis.com/auth/appengine.admin%20https://www.googleapis.com/auth/sqlservice.login%20https://www.googleapis.com/auth/compute%20https://www.googleapis.com/auth/accounts.reauth&authuser=0&prompt=consent HTTP/1.1" 200 959
2024-01-15 12:52:42,587 DEBUG    requests_oauthlib.oauth2_session Requesting url https://oauth2.googleapis.com/token using method POST.
2024-01-15 12:52:42,587 DEBUG    requests_oauthlib.oauth2_session Supplying headers {b'Accept': b'application/json', b'Content-Type': b'application/x-www-form-urlencoded;charset=UTF-8', b'user-agent': b'google-cloud-sdk gcloud/459.0.0 command/gcloud.auth.login invocation-id/ca5b75e02c9544189421c42a5f1f0719 environment/None environment-version/None client-os/LINUX client-os-ver/6.6.9 client-pltf-arch/x86_64 interactive/True from-script/False python/3.11.6 term/xterm-256color (Linux 6.6.9-amd64)'} and data {'grant_type': 'authorization_code', 'client_id': '32555940559.apps.googleusercontent.com', 'client_secret': 'ZmssLNjJy2998hD4CTg2ejr2', 'code': '4/0AfJohXn86kKwLrqU3u5rZtRomQH00JjQJYmhuM12nF4gjfXkUqCtzCWHOv-z04-lvgeZtQ', 'redirect_uri': 'http://localhost:8085/', 'code_verifier': 'c2NM~BqzCPkZ0eLcxHWTKXmt3~woFb7.XJA3d161zkHY9FfME9hJRqA.Fy2p~0VwCoHqXWnbw81zSyd2k0j.JGf-IMB4skruQQNeFC8KdKf2NNCW1mWz3xUjXp-yyoUy'}
2024-01-15 12:52:42,587 DEBUG    requests_oauthlib.oauth2_session Passing through key word arguments {'json': None, 'timeout': None, 'auth': None, 'verify': None, 'proxies': None}.
2024-01-15 12:52:42,590 DEBUG    urllib3.connectionpool Starting new HTTPS connection (1): oauth2.googleapis.com:443
2024-01-15 12:52:42,874 DEBUG    urllib3.connectionpool https://oauth2.googleapis.com:443 "POST /token HTTP/1.1" 200 None
2024-01-15 12:52:42,874 DEBUG    requests_oauthlib.oauth2_session Prepared fetch token request body grant_type=authorization_code&client_id=32555940559.apps.googleusercontent.com&client_secret=ZmssLNjJy2998hD4CTg2ejr2&code=4%2F0AfJohXn86kKwLrqU3u5rZtRomQH00JjQJYmhuM12nF4gjfXkUqCtzCWHOv-z04-lvgeZtQ&redirect_uri=http%3A%2F%2Flocalhost%3A8085%2F&code_verifier=c2NM~BqzCPkZ0eLcxHWTKXmt3~woFb7.XJA3d161zkHY9FfME9hJRqA.Fy2p~0VwCoHqXWnbw81zSyd2k0j.JGf-IMB4skruQQNeFC8KdKf2NNCW1mWz3xUjXp-yyoUy
2024-01-15 12:52:42,875 DEBUG    requests_oauthlib.oauth2_session Request to fetch token completed with status 200.
2024-01-15 12:52:42,875 DEBUG    requests_oauthlib.oauth2_session Request headers were {'user-agent': b'google-cloud-sdk gcloud/459.0.0 command/gcloud.auth.login invocation-id/ca5b75e02c9544189421c42a5f1f0719 environment/None environment-version/None client-os/LINUX client-os-ver/6.6.9 client-pltf-arch/x86_64 interactive/True from-script/False python/3.11.6 term/xterm-256color (Linux 6.6.9-amd64)', 'Accept-Encoding': 'gzip, deflate', 'Accept': b'application/json', 'Connection': 'keep-alive', 'Content-Type': b'application/x-www-form-urlencoded;charset=UTF-8', 'Content-Length': '387'}
2024-01-15 12:52:42,875 DEBUG    requests_oauthlib.oauth2_session Request body was grant_type=authorization_code&client_id=32555940559.apps.googleusercontent.com&client_secret=ZmssLNjJy2998hD4CTg2ejr2&code=4%2F0AfJohXn86kKwLrqU3u5rZtRomQH00JjQJYmhuM12nF4gjfXkUqCtzCWHOv-z04-lvgeZtQ&redirect_uri=http%3A%2F%2Flocalhost%3A8085%2F&code_verifier=c2NM~BqzCPkZ0eLcxHWTKXmt3~woFb7.XJA3d161zkHY9FfME9hJRqA.Fy2p~0VwCoHqXWnbw81zSyd2k0j.JGf-IMB4skruQQNeFC8KdKf2NNCW1mWz3xUjXp-yyoUy
2024-01-15 12:52:42,875 DEBUG    requests_oauthlib.oauth2_session Response headers were {'Expires': 'Mon, 01 Jan 1990 00:00:00 GMT', 'Date': 'Mon, 15 Jan 2024 17:52:41 GMT', 'Cache-Control': 'no-cache, no-store, max-age=0, must-revalidate', 'Pragma': 'no-cache', 'Content-Type': 'application/json; charset=utf-8', 'Vary': 'Origin, X-Origin, Referer', 'Content-Encoding': 'gzip', 'Server': 'scaffolding on HTTPServer2', 'X-XSS-Protection': '0', 'X-Frame-Options': 'SAMEORIGIN', 'X-Content-Type-Options': 'nosniff', 'Alt-Svc': 'h3=":443"; ma=2592000,h3-29=":443"; ma=2592000', 'Transfer-Encoding': 'chunked'} and content {
  "access_token": "ya29.a0AfB_byCLelgluhMTNQRui2wsQtJoF52W138wG8OGyiPdyj01KZiLGVe0S36yyFOBPQj9E9WhlFv1nhH_Yp_FW03n9FixnuS2bmaUsL2i-ywjiWDrFQWEqKQHta3q7szX4HBW2yU0ig0p5mEIJ4yyiO42MsSmgltJPLryR3O3IQaCgYKATYSARMSFQHGX2MiZxobPGQ7tXxvVKijLKkBQw0177",
  "expires_in": 3599,
  "refresh_token": "1//05NqVP3AgapHYCgYIARAAGAUSNwF-L9Iri3Kg9WGxR6ZImcpSPa-fXy1OWYm8Msn-ElUqYDRpUQ1MTwv0GESzG5FQdaOyb72b5fc",
  "scope": "https://www.googleapis.com/auth/cloud-platform https://www.googleapis.com/auth/compute openid https://www.googleapis.com/auth/sqlservice.login https://www.googleapis.com/auth/appengine.admin https://www.googleapis.com/auth/userinfo.email https://www.googleapis.com/auth/accounts.reauth",
  "token_type": "Bearer",
  "id_token": "eyJhbGciOiJSUzI1NiIsImtpZCI6IjFmNDBmMGE4ZWYzZDg4MDk3OGRjODJmMjVjM2VjMzE3YzZhNWI3ODEiLCJ0eXAiOiJKV1QifQ.eyJpc3MiOiJodHRwczovL2FjY291bnRzLmdvb2dsZS5jb20iLCJhenAiOiIzMjU1NTk0MDU1OS5hcHBzLmdvb2dsZXVzZXJjb250ZW50LmNvbSIsImF1ZCI6IjMyNTU1OTQwNTU5LmFwcHMuZ29vZ2xldXNlcmNvbnRlbnQuY29tIiwic3ViIjoiMTAxMDQwMjU5MzU2Mjc5NTA5NjUzIiwiZW1haWwiOiJ6bW9ucm9lMTk5NUBnbWFpbC5jb20iLCJlbWFpbF92ZXJpZmllZCI6dHJ1ZSwiYXRfaGFzaCI6InF5Q0J3aWxtVXdYWk1UNDhySmtfdkEiLCJpYXQiOjE3MDUzNDExNjEsImV4cCI6MTcwNTM0NDc2MX0.rYdyOWDisW5tAQopWyNBIINqigWf7SriqGGz7pN5aBPihPQNHNpkMi40x2heeM1ctFJRQcwgCgtCwxf3VGjG-Wg_IuFtUR6xxgdBoLF1vyZHgQZyp_nV-yU7cdYNT6J2ONdGvdJQv3IPvLbbNGTK33GvVKN8J3ZgjnunoQZfuE-1MF8VbLp15udHfPanICVMgB9khKgNPsZ_7FFJ6RigY04yXCrBWPktSPqufeKHtMkUvlGYQzBynNg4bABDo3m7BY61uDufW0uugpwzS0NnSd03AJMjcrvgry0XpJMVqUEen5en12u6-l6wOJp_NU8ytbT0NuCNGdlxoc3mj8PjhQ"
}.
2024-01-15 12:52:42,875 DEBUG    requests_oauthlib.oauth2_session Invoking 0 token response hooks.
2024-01-15 12:52:42,876 DEBUG    requests_oauthlib.oauth2_session Obtained token {'access_token': 'ya29.a0AfB_byCLelgluhMTNQRui2wsQtJoF52W138wG8OGyiPdyj01KZiLGVe0S36yyFOBPQj9E9WhlFv1nhH_Yp_FW03n9FixnuS2bmaUsL2i-ywjiWDrFQWEqKQHta3q7szX4HBW2yU0ig0p5mEIJ4yyiO42MsSmgltJPLryR3O3IQaCgYKATYSARMSFQHGX2MiZxobPGQ7tXxvVKijLKkBQw0177', 'expires_in': 3599, 'refresh_token': '1//05NqVP3AgapHYCgYIARAAGAUSNwF-L9Iri3Kg9WGxR6ZImcpSPa-fXy1OWYm8Msn-ElUqYDRpUQ1MTwv0GESzG5FQdaOyb72b5fc', 'scope': ['https://www.googleapis.com/auth/cloud-platform', 'https://www.googleapis.com/auth/compute', 'openid', 'https://www.googleapis.com/auth/sqlservice.login', 'https://www.googleapis.com/auth/appengine.admin', 'https://www.googleapis.com/auth/userinfo.email', 'https://www.googleapis.com/auth/accounts.reauth'], 'token_type': 'Bearer', 'id_token': 'eyJhbGciOiJSUzI1NiIsImtpZCI6IjFmNDBmMGE4ZWYzZDg4MDk3OGRjODJmMjVjM2VjMzE3YzZhNWI3ODEiLCJ0eXAiOiJKV1QifQ.eyJpc3MiOiJodHRwczovL2FjY291bnRzLmdvb2dsZS5jb20iLCJhenAiOiIzMjU1NTk0MDU1OS5hcHBzLmdvb2dsZXVzZXJjb250ZW50LmNvbSIsImF1ZCI6IjMyNTU1OTQwNTU5LmFwcHMuZ29vZ2xldXNlcmNvbnRlbnQuY29tIiwic3ViIjoiMTAxMDQwMjU5MzU2Mjc5NTA5NjUzIiwiZW1haWwiOiJ6bW9ucm9lMTk5NUBnbWFpbC5jb20iLCJlbWFpbF92ZXJpZmllZCI6dHJ1ZSwiYXRfaGFzaCI6InF5Q0J3aWxtVXdYWk1UNDhySmtfdkEiLCJpYXQiOjE3MDUzNDExNjEsImV4cCI6MTcwNTM0NDc2MX0.rYdyOWDisW5tAQopWyNBIINqigWf7SriqGGz7pN5aBPihPQNHNpkMi40x2heeM1ctFJRQcwgCgtCwxf3VGjG-Wg_IuFtUR6xxgdBoLF1vyZHgQZyp_nV-yU7cdYNT6J2ONdGvdJQv3IPvLbbNGTK33GvVKN8J3ZgjnunoQZfuE-1MF8VbLp15udHfPanICVMgB9khKgNPsZ_7FFJ6RigY04yXCrBWPktSPqufeKHtMkUvlGYQzBynNg4bABDo3m7BY61uDufW0uugpwzS0NnSd03AJMjcrvgry0XpJMVqUEen5en12u6-l6wOJp_NU8ytbT0NuCNGdlxoc3mj8PjhQ', 'expires_at': 1705344761.8760288}.
2024-01-15 12:52:43,099 DEBUG    root            Chosen display Format:none
2024-01-15 12:52:43,099 INFO     root            Display format: "none"
2024-01-15 12:52:43,100 DEBUG    root            SDK update checks are disabled.
2024-01-15 12:52:43,102 INFO     ___FILE_ONLY___ You are logged in as: [zmonroe1995@gmail.com].


2024-01-15 12:52:43,132 DEBUG    urllib3.connectionpool Starting new HTTPS connection (1): cloudresourcemanager.googleapis.com:443
2024-01-15 12:52:43,490 DEBUG    urllib3.connectionpool https://cloudresourcemanager.googleapis.com:443 "GET /v1/projects?alt=json&filter=lifecycleState%3AACTIVE&pageSize=201 HTTP/1.1" 200 None
2024-01-15 12:53:07,646 DEBUG    root            Chosen display Format:default
2024-01-15 12:53:07,647 INFO     root            Display format: "default"
2024-01-15 12:53:07,647 DEBUG    root            SDK update checks are disabled.
