2024-01-05 16:02:55.628 [info] Extension host with pid 3594 started
2024-01-05 16:02:55.639 [info] Skipping acquiring lock for /home/z/.config/Code/User/workspaceStorage/acf1fe62e6260015d54d51f83cc60468.
2024-01-05 16:02:55.847 [info] ExtensionService#_doActivateExtension vscode.emmet, startup: false, activationEvent: 'onLanguage'
2024-01-05 16:02:55.965 [info] ExtensionService#_doActivateExtension vscode.typescript-language-features, startup: false, activationEvent: 'onLanguage:javascript'
2024-01-05 16:03:00.370 [info] ExtensionService#_doActivateExtension vscode.git-base, startup: true, activationEvent: '*', root cause: vscode.git
2024-01-05 16:03:00.385 [info] ExtensionService#_doActivateExtension vscode.npm, startup: true, activationEvent: 'workspaceContains:package.json'
2024-01-05 16:03:01.182 [info] ExtensionService#_doActivateExtension vscode.git, startup: true, activationEvent: '*'
2024-01-05 16:03:01.354 [info] ExtensionService#_doActivateExtension vscode.github, startup: true, activationEvent: '*'
2024-01-05 16:03:02.713 [info] Eager extensions activated
2024-01-05 16:03:02.943 [info] ExtensionService#_doActivateExtension vscode.debug-auto-launch, startup: false, activationEvent: 'onStartupFinished'
2024-01-05 16:03:02.985 [info] ExtensionService#_doActivateExtension vscode.merge-conflict, startup: false, activationEvent: 'onStartupFinished'
2024-01-05 16:03:03.112 [info] ExtensionService#_doActivateExtension esbenp.prettier-vscode, startup: false, activationEvent: 'onStartupFinished'
2024-01-05 16:03:20.208 [info] Extension host terminating: renderer closed the MessagePort
2024-01-05 16:03:20.257 [info] Extension host with pid 3594 exiting with code 0
2024-01-05 16:03:22.370 [info] Extension host with pid 3916 started
2024-01-05 16:03:22.370 [info] Skipping acquiring lock for /home/z/.config/Code/User/workspaceStorage/8a63edb2f69d8bdc33ba920a974b6db1.
2024-01-05 16:03:22.494 [info] ExtensionService#_doActivateExtension vscode.emmet, startup: false, activationEvent: 'onLanguage'
2024-01-05 16:03:22.512 [info] ExtensionService#_doActivateExtension vscode.html-language-features, startup: false, activationEvent: 'onLanguage:html'
2024-01-05 16:03:22.703 [info] ExtensionService#_doActivateExtension ms-vscode.live-server, startup: false, activationEvent: 'onWebviewPanel:browserPreview'
2024-01-05 16:03:23.595 [info] ExtensionService#_doActivateExtension vscode.git-base, startup: true, activationEvent: '*', root cause: vscode.git
2024-01-05 16:03:23.773 [info] ExtensionService#_doActivateExtension vscode.git, startup: true, activationEvent: '*'
2024-01-05 16:03:23.896 [info] ExtensionService#_doActivateExtension vscode.github, startup: true, activationEvent: '*'
2024-01-05 16:03:24.221 [info] Eager extensions activated
2024-01-05 16:03:24.402 [info] ExtensionService#_doActivateExtension vscode.debug-auto-launch, startup: false, activationEvent: 'onStartupFinished'
2024-01-05 16:03:24.416 [info] ExtensionService#_doActivateExtension vscode.merge-conflict, startup: false, activationEvent: 'onStartupFinished'
2024-01-05 16:03:24.444 [info] ExtensionService#_doActivateExtension esbenp.prettier-vscode, startup: false, activationEvent: 'onStartupFinished'
2024-01-05 16:03:33.335 [info] ExtensionService#_doActivateExtension vscode.media-preview, startup: false, activationEvent: 'onCustomEditor:imagePreview.previewEditor'
