2024-01-14 21:00:50.482 [info] Log level: Info
2024-01-14 21:00:50.482 [info] Validating found git in: "git"
2024-01-14 21:00:50.482 [info] Using git "2.43.0" from "git"
2024-01-14 21:00:50.482 [info] > git rev-parse --show-toplevel [4ms]
2024-01-14 21:00:50.482 [info] fatal: not a git repository (or any of the parent directories): .git
2024-01-14 21:00:50.482 [info] > git rev-parse --show-toplevel [6ms]
2024-01-14 21:00:50.482 [info] fatal: not a git repository (or any of the parent directories): .git
2024-01-14 21:00:50.482 [info] > git rev-parse --show-toplevel [7ms]
2024-01-14 21:00:50.482 [info] fatal: not a git repository (or any of the parent directories): .git
2024-01-14 21:00:50.499 [info] > git rev-parse --show-toplevel [5ms]
2024-01-14 21:00:50.499 [info] fatal: not a git repository (or any of the parent directories): .git
2024-01-14 21:00:50.510 [info] > git rev-parse --show-toplevel [3ms]
2024-01-14 21:00:50.510 [info] fatal: not a git repository (or any of the parent directories): .git
2024-01-14 21:00:50.522 [info] > git rev-parse --show-toplevel [3ms]
2024-01-14 21:00:50.522 [info] fatal: not a git repository (or any of the parent directories): .git
2024-01-14 21:00:50.537 [info] > git rev-parse --show-toplevel [1ms]
2024-01-14 21:00:50.537 [info] fatal: not a git repository (or any of the parent directories): .git
2024-01-14 21:00:50.555 [info] > git rev-parse --show-toplevel [3ms]
2024-01-14 21:00:50.555 [info] fatal: not a git repository (or any of the parent directories): .git
2024-01-14 21:00:50.568 [info] > git rev-parse --show-toplevel [3ms]
2024-01-14 21:00:50.568 [info] fatal: not a git repository (or any of the parent directories): .git
2024-01-14 21:00:50.586 [info] > git rev-parse --show-toplevel [4ms]
2024-01-14 21:00:50.586 [info] fatal: not a git repository (or any of the parent directories): .git
2024-01-14 21:00:50.604 [info] > git rev-parse --show-toplevel [1ms]
2024-01-14 21:00:50.604 [info] fatal: not a git repository (or any of the parent directories): .git
